DEBUG:root:(623) Missing Url
DEBUG:root:(624) Missing Url
DEBUG:root:(633) Missing Url
DEBUG:root:(2379) Depth missing for: starting-and-stopping-mariadb
DEBUG:root:(3,498) Duplicate Include 1 for: sql-statements
DEBUG:root:(20,463) Duplicate Include 1 for: alter
DEBUG:root:(54) Missing Include 1 for: system-versioned-tables
DEBUG:root:(67,1441) Duplicate Include 1 for: mariabackup-and-backup-stage-commands
DEBUG:root:(78,95) Duplicate Include 1 for: set-global-sql_slave_skip_counter
DEBUG:root:(248,2144) Duplicate Include 1 for: information-schema-mroonga_stats-table
DEBUG:root:(495,2129) Duplicate Include 1 for: merge
DEBUG:root:(503,2341) Duplicate Include 1 for: joining-tables-with-join-clauses
DEBUG:root:(507,508) Duplicate Include 1 for: subqueries
DEBUG:root:(515,1677) Duplicate Include 1 for: subquery-optimizations
DEBUG:root:(516,1678) Duplicate Include 1 for: subquery-optimizations-map
DEBUG:root:(517,1679) Duplicate Include 1 for: semi-join-subquery-optimizations
DEBUG:root:(518,1680) Duplicate Include 1 for: table-pullout-optimization
DEBUG:root:(519,1681) Duplicate Include 1 for: non-semi-join-subquery-optimizations
DEBUG:root:(521,1683) Duplicate Include 1 for: condition-pushdown-into-in-subqueries
DEBUG:root:(522,1684) Duplicate Include 1 for: conversion-of-big-in-predicates-into-subqueries
DEBUG:root:(523,1685) Duplicate Include 1 for: exists-to-in-optimization
DEBUG:root:(524,1686) Duplicate Include 1 for: optimizing-group-by
DEBUG:root:(560,2158) Duplicate Include 1 for: concurrent-inserts
DEBUG:root:(623,624,633) Duplicate Include 1 for: No-URL
DEBUG:root:(671,1661) Duplicate Include 1 for: match-against
DEBUG:root:(672,1660) Duplicate Include 1 for: full-text-index-stopwords
DEBUG:root:(865,866) Duplicate Include 1 for: password
DEBUG:root:(917) Missing Include 1 for: dynamic-columns-functions
DEBUG:root:(1048,1049) Duplicate Include 1 for: st_polyfromwkb
DEBUG:root:(1153,1299) Duplicate Include 1 for: troubleshooting-mariadb-installs-on-red-hatcentos
DEBUG:root:(1162,1185) Duplicate Include 1 for: installing-mariadb-on-macos-using-homebrew
DEBUG:root:(1172,2268) Duplicate Include 1 for: specifying-which-plugins-to-build
DEBUG:root:(1187,1303) Duplicate Include 1 for: Creating_a_Debian_Repository
DEBUG:root:(1196,1347) Duplicate Include 1 for: installing-mariadb-alongside-mysql
DEBUG:root:(1259,1302,1348) Duplicate Include 1 for: moving-from-mysql-to-mariadb-in-debian-9
DEBUG:root:(1297,2343) Duplicate Include 1 for: troubleshooting-connection-issues
DEBUG:root:(1657,2340) Duplicate Include 1 for: getting-started-with-indexes
DEBUG:root:(1911,2339) Duplicate Include 1 for: creating-using-views
