Found External Link (https://mariadb.com/kb/en/mariadb-1000-changelog/)
Found External Link (https://mariadb.com/kb/en/mariadb-5214-changelog/)
Found External Link (https://mariadb.com/kb/en/mariadb-10025-changelog/)
Found External Link (https://mariadb.com/kb/en/mariadb-1055-changelog/)
Found External Link (https://mariadb.com/kb/en/mariadb-10144-changelog/)
Found External Link (https://mariadb.com/kb/en/mariadb-5132-release-notes/)
Found External Link (https://mariadb.com/kb/en/mdb-5558-rn/)
Found External Link (https://mariadb.com/kb/en/mariadb-1009-release-notes/)
Found External Link (https://mariadb.com/kb/en/limit-of-number-of-columns/)
Found External Link (https://mariadb.com/kb/en/mariadb-1081-changelog/)
Found External Link (https://mariadb.com/kb/en/mariadb-10243-changelog/)
Found External Link (https://mariadb.com/kb/en/mdb-5568-rn/)
Found External Link (https://mariadb.com/kb/en/binlog-group-commit-and-innodb_flush_log_at_trx_commit/)
Found External Link (https://mariadb.com/kb/en/mariadb-1028-changelog/)
Found External Link (https://mariadb.com/kb/en/parenthesis/)
Found External Link (https://mariadb.com/kb/en/mariadb-galera-cluster-5554-release-notes/)
Found External Link (https://mariadb.com/kb/en/mariadb-5554-changelog/)
Found External Link (https://mariadb.com/kb/en/mariadb-10033-release-notes/)
Found External Link (https://mariadb.com/kb/en/mariadb-5142-release-notes/)
Found External Link (https://mariadb.com/kb/en/mariadb-10110-release-notes/)
Found External Link (https://mariadb.com/kb/en/mariadb-10333-changelog/)
Found External Link (https://mariadb.com/kb/en/mariadb-10326-changelog/)
Found External Link (https://mariadb.com/kb/en/mariadb-1037-changelog/)
Found External Link (https://mariadb.com/kb/en/mariadb-galera-cluster-5560-release-notes/)
Found External Link (https://mariadb.com/kb/en/mariadb-galera-cluster-5534-release-notes/)
Found External Link (https://mariadb.com/kb/en/mariadb-10031-changelog/)
Found External Link (https://mariadb.com/kb/en/mariadb-10019-release-notes/)
Found External Link (https://mariadb.com/kb/en/mariadb-1053-changelog/)
Found External Link (https://mariadb.com/kb/en/the-table-have-issue-select-is-empty-but-cant-insert-more-data/)
Found External Link (https://mariadb.com/kb/en/translation-howto/)
Found External Link (https://mariadb.com/kb/en/mariadb-5555-release-notes/)
Found External Link (https://mariadb.com/kb/en/mariadb-5211-release-notes/)
Found External Link (https://mariadb.com/kb/en/mariadb-1052-changelog/)
Found External Link (https://mariadb.com/kb/en/mariadb-10244-changelog/)
Found External Link (https://mariadb.com/kb/en/mdb-10141-rn/)
Found External Link (https://mariadb.com/kb/en/columnstore-performance-tuning/)
Found External Link (https://mariadb.com/kb/en/columnstore-security-vulnerabilities/)
Found External Link (https://mariadb.com/kb/en/mariadb-1027-changelog/)
Found External Link (https://mariadb.com/kb/en/mariadb-galera-cluster-10033-release-notes/)
Found External Link (https://mariadb.com/kb/en/mariadb-10212-changelog/)
Found External Link (https://mariadb.com/kb/en/mariadb-1022-changelog/)
Found External Link (https://mariadb.com/kb/en/mdb-10145-rn/)
Found External Link (https://mariadb.com/kb/en/graphical-and-enhanced-clients-sequel-pro/)
Found External Link (https://mariadb.com/kb/en/system-variables-added-in-mariadb-100/)
Found External Link (https://mariadb.com/kb/en/percona-xtrabackup/)
Found External Link (https://mariadb.com/kb/en/contact/)
Found External Link (https://mariadb.com/kb/en/mariadb-10410-changelog/)
Found External Link (https://mariadb.com/kb/en/mariadb-10213-changelog/)
Found External Link (https://mariadb.com/kb/en/mdb-10122-rn/)
Found External Link (https://mariadb.com/kb/en/mariadb-1016-release-notes/)
Found External Link (https://mariadb.com/kb/en/mariadb-534-changelog/)
Found External Link (https://mariadb.com/kb/en/mariadb-10515-changelog/)
Found External Link (https://mariadb.com/kb/en/how-to-produce-a-full-stack-trace-for-mysqld/)
Found External Link (https://mariadb.com/kb/en/techniques-for-efficiently-finding-a-random-row/)
Found External Link (https://mariadb.com/kb/en/mariadb-10029-release-notes/)
Found External Link (https://mariadb.com/kb/en/columnstore-troubleshooting/)
Found External Link (https://mariadb.com/kb/en/mariadb-galera-cluster-5559-release-notes/)
Found External Link (https://mariadb.com/kb/en/changelogs-mariadb-101-series/)
Found External Link (https://mariadb.com/kb/en/mariadb-1073-changelog/)
Found External Link (https://mariadb.com/kb/en/source/)
Found External Link (https://mariadb.com/kb/en/mdb-10119-rn/)
Found External Link (https://mariadb.com/kb/en/mariadb-5557-changelog/)
Found External Link (https://mariadb.com/kb/en/cost-effective-agentless-mariadb-database-performance-management/)
Found External Link (https://mariadb.com/kb/en/mariadb-10036-changelog/)
Found External Link (https://mariadb.com/kb/en/configuring-mariadb-connectorc-with-option-files/)
Found External Link (https://mariadb.com/kb/en/mariadb-10030-release-notes/)
Found External Link (https://mariadb.com/kb/en/mariadb-10024-release-notes/)
Found External Link (https://mariadb.com/kb/en/mariadb-5311-release-notes/)
Found External Link (https://mariadb.com/kb/en/mariadb-1023-changelog/)
Found External Link (https://mariadb.com/kb/en/mariadb-10011-release-notes/)
Found External Link (https://mariadb.com/kb/en/mariadb-525-changelog/)
Found External Link (https://mariadb.com/kb/en/mariadb-internals-documentation-merging-into-mariadb/)
Found External Link (https://mariadb.com/kb/en/legal-documents-mariadb-license/)
Found External Link (https://mariadb.com/kb/en/mariadb-10242-changelog/)
Found External Link (https://mariadb.com/kb/en/mariadb-1038-changelog/)
Found External Link (https://mariadb.com/kb/en/gnu-general-public-license-version-2/)
Found External Link (https://mariadb.com/kb/en/mariadb-531-changelog/)
Found External Link (https://mariadb.com/kb/en/mariadb-5524-changelog/)
Found External Link (https://mariadb.com/kb/en/mariadb-1065-changelog/)
Found External Link (https://mariadb.com/kb/en/mariadb-10037-release-notes/)
Found External Link (https://mariadb.com/kb/en/mariadb-5149-release-notes/)
Found External Link (https://mariadb.com/kb/en/obsolete-mysql-database-tables/)
Found External Link (https://mariadb.com/kb/en/mariadb-5162-changelog/)
Found External Link (https://mariadb.com/kb/en/mariadb-1008-release-notes/)
Found External Link (https://mariadb.com/kb/en/mariadb-5527-changelog/)
Found External Link (https://mariadb.com/kb/en/mariadb/data-warehousing-summary-tables/)
Found External Link (https://mariadb.com/kb/en/clients-and-utilities/)
Found External Link (https://mariadb.com/kb/en/mariadb-connector-j/)
Found External Link (https://mariadb.com/kb/en/mariadb-galera-cluster-5549-release-notes/)
Found External Link (https://mariadb.com/kb/en/mariadb-1046-changelog/)
Found External Link (https://mariadb.com/kb/en/mariadb-5568-changelog/)
Found External Link (https://mariadb.com/kb/en/connect-engine-windows/)
Found External Link (https://mariadb.com/kb/en/mariadb-maxscale/)
Found External Link (https://mariadb.com/kb/en/using-innodb-instead-of-xtradb/)
Found External Link (https://mariadb.com/kb/en/building-mariadb-on-gentoo/)
Found External Link (https://mariadb.com/kb/en/mariadb-1017-release-notes/)
Found External Link (https://mariadb.com/kb/en/mariadb-10018-changelog/)
Found External Link (https://mariadb.com/kb/en/jira/)
Found External Link (https://mariadb.com/kb/en/mariadb-10026-changelog/)
Found External Link (https://mariadb.com/kb/en/mariadb-galera-100-release-notes/)
Found External Link (https://mariadb.com/kb/en/mariadb-10210-changelog/)
Found External Link (https://mariadb.com/kb/en/status-variables-added-in-mariadb-101/)
Found External Link (https://mariadb.com/kb/en/mariadb-1017-changelog/)
Found External Link (https://mariadb.com/kb/en/mariadb-5564-release-notes/)
Found External Link (https://mariadb.com/kb/en/legal-matters/)
Found External Link (https://mariadb.com/kb/en/mariadb-10511-changelog/)
Found External Link (https://mariadb.com/kb/en/mariadb-10332-changelog/)
Found External Link (https://mariadb.com/kb/en/mariadb-10424-changelog/)
Found External Link (https://mariadb.com/kb/en/mariadb-533-changelog/)
Found External Link (https://mariadb.com/kb/en/mariadb-5147-release-notes/)
Found External Link (https://mariadb.com/kb/en/mariadb-10240-changelog/)
Found External Link (https://mariadb.com/kb/en/phpmyadmin/)
Found External Link (https://mariadb.com/kb/en/deallocate-drop-prepared-statement/)
Found External Link (https://mariadb.com/kb/en/upgrading-to-mariadb-from-mysql-50-or-older-version/)
Found External Link (https://mariadb.com/kb/en/mariadb-galera-cluster-10037-release-notes/)
Found External Link (https://mariadb.com/kb/en/debugging-mariadb/)
Found External Link (https://mariadb.com/kb/en/mariadb-5167-release-notes/)
Found External Link (https://mariadb.com/kb/en/mariadb-1021-changelog/)
Found External Link (https://mariadb.com/kb/en/mdb-5566-cl/)
Found External Link (https://mariadb.com/kb/en/upgrading-from-mariadb-55-to-mariadb-100/)
Found External Link (https://mariadb.com/kb/en/mariadb-galera-cluster-10017-release-notes/)
Found External Link (https://mariadb.com/kb/en/mariadb-foundation/)
Found External Link (https://mariadb.com/kb/en/running-mariadb-from-the-source-directory/)
Found External Link (https://mariadb.com/kb/en/debugging-a-running-server-on-linux/)
Found External Link (https://mariadb.com/kb/en/mariadb-10311-changelog/)
Found External Link (https://mariadb.com/kb/en/mariadb-10236-changelog/)
Found External Link (https://mariadb.com/kb/en/mariadb-10015-fusion-io-changelog/)
Found External Link (https://mariadb.com/kb/en/mariadb-galera-cluster-10024-release-notes/)
Found External Link (https://mariadb.com/kb/en/mariadb-10233-changelog/)
Found External Link (https://mariadb.com/kb/en/changelogs-mariadb-105-series/)
Found External Link (https://mariadb.com/kb/en/mariadb-10218-changelog/)
Found External Link (https://mariadb.com/kb/en/mariadb-5534-changelog/)
Found External Link (https://mariadb.com/kb/en/connect-table-types-mysql-table-type-accessing-mysqlmariadb-tables/)
Found External Link (https://mariadb.com/kb/en/changelogs-mariadb-102-series/)
Found External Link (https://mariadb.com/kb/en/mariadb-5549-changelog/)
Found External Link (https://mariadb.com/kb/en/stuff-in-mysql-56/)
Found External Link (https://mariadb.com/kb/en/mariadb-10014-changelog/)
Found External Link (https://mariadb.com/kb/en/sqlyog-community-edition/)
Found External Link (https://mariadb.com/kb/en/mariadb-10132-release-notes/)
Found External Link (https://mariadb.com/kb/en/mariadb-1003-release-notes/)
Found External Link (https://mariadb.com/kb/en/release-coordinator/)
Found External Link (https://mariadb.com/kb/en/mariadb-5532-release-notes/)
Found External Link (https://mariadb.com/kb/en/dbvisualizer/)
Found External Link (https://mariadb.com/kb/en/mariadb-10012-release-notes/)
Found External Link (https://mariadb.com/kb/en/mariadb-10328-changelog/)
Found External Link (https://mariadb.com/kb/en/mariadb-5138-release-notes/)
Found External Link (https://mariadb.com/kb/en/mariadb-1007-release-notes/)
Found External Link (https://mariadb.com/kb/en/mdb-10023-rn/)
Found External Link (https://mariadb.com/kb/en/mariadb-10238-changelog/)
Found External Link (https://mariadb.com/kb/en/mariadb-10147-release-notes/)
Found External Link (https://mariadb.com/kb/en/log-of-mariadb-contributions/)
Found External Link (https://mariadb.com/kb/en/mariadb-10221-changelog/)
Found External Link (https://mariadb.com/kb/en/mariadb-10139-changelog/)
Found External Link (https://mariadb.com/kb/en/table-discovery-before-1002/)
Found External Link (https://mariadb.com/kb/en/enhancements-for-start-transaction-with-consistent/)
Found External Link (https://mariadb.com/kb/en/client-library-for-c/)
Found External Link (https://mariadb.com/kb/en/mariadb-galera-cluster-10032-release-notes/)
Found External Link (https://mariadb.com/kb/en/mariadb-5547-changelog/)
Found External Link (https://mariadb.com/kb/en/mdb-5555-rn/)
Found External Link (https://mariadb.com/kb/en/mysqlhost-table/)
Found External Link (https://mariadb.com/kb/en/mariadb-529-release-notes/)
Found External Link (https://mariadb.com/kb/en/upgrading-from-mariadb-53-to-mariadb-55/)
Found External Link (https://mariadb.com/kb/en/mariadb-5214-release-notes/)
Found External Link (https://mariadb.com/kb/en/mariadb-1002-release-notes/)
Found External Link (https://mariadb.com/kb/en/mariadb-10025-release-notes/)
Found External Link (https://mariadb.com/kb/en/handler-handler/)
Found External Link (https://mariadb.com/kb/en/mariadb-10026-release-notes/)
Found External Link (https://mariadb.com/kb/en/mariadb-1006-release-notes/)
Found External Link (https://mariadb.com/kb/en/mariadb-trademark-policy/)
Found External Link (https://mariadb.com/kb/en/mariadb-5538-changelog/)
Found External Link (https://mariadb.com/kb/en/documentation/)
Found External Link (https://mariadb.com/kb/en/social-media-networking/)
Found External Link (https://mariadb.com/kb/en/mdb-10138-rn/)
Found External Link (https://mariadb.com/kb/en/google-season-of-docs/)
Found External Link (https://mariadb.com/kb/en/mariadb-10138-changelog/)
Found External Link (https://mariadb.com/kb/en/tokudb-status-variables/)
Found External Link (https://mariadb.com/kb/en/mariadb-10120-release-notes/)
Found External Link (https://mariadb.com/kb/en/backup-table-deprecated/)
Found External Link (https://mariadb.com/kb/en/leveldb-storage-engine-development/)
Found External Link (https://mariadb.com/kb/en/mariadb-5542-changelog/)
Found External Link (https://mariadb.com/kb/en/mariadb-10020-changelog/)
Found External Link (https://mariadb.com/kb/en/mariadb-536-release-notes/)
Found External Link (https://mariadb.com/kb/en/system-variables-added-in-mariadb-55/)
Found External Link (https://mariadb.com/kb/en/mariadb-1001-changelog/)
Found External Link (https://mariadb.com/kb/en/mariadb-10136-release-notes/)
Found External Link (https://mariadb.com/kb/en/mariadb-10418-changelog/)
Found External Link (https://mariadb.com/kb/en/libmysqld/)
Found External Link (https://mariadb.com/kb/en/get-diagnostics/)
Found External Link (https://mariadb.com/kb/en/mariadb-5560-changelog/)
Found External Link (https://mariadb.com/kb/en/tokudb-system-variables/)
Found External Link (https://mariadb.com/kb/en/mariadb-10141-changelog/)
Found External Link (https://mariadb.com/kb/en/mdb-5565-rn/)
Found External Link (https://mariadb.com/kb/en/mariadb-532-release-notes/)
Found External Link (https://mariadb.com/kb/en/mariadb-enterprise-aws-kms-encryption-plugin-setup-guide/)
Found External Link (https://mariadb.com/kb/en/mariadb-521-changelog/)
Found External Link (https://mariadb.com/kb/en/resources/)
Found External Link (https://mariadb.com/kb/en/mariadb-5521-changelog/)
Found External Link (https://mariadb.com/kb/en/clients-utilities-dbforge-studio-for-mariadb/)
Found External Link (https://mariadb.com/kb/en/mariadb-10020-release-notes/)
Found External Link (https://mariadb.com/kb/en/mariadb-10023-release-notes/)
Found External Link (https://mariadb.com/kb/en/mariadb-galera-cluster-10026-release-notes/)
Found External Link (https://mariadb.com/kb/en/mariadb-1082-changelog/)
Found External Link (https://mariadb.com/kb/en/mariadb-10412-changelog/)
Found External Link (https://mariadb.com/kb/en/mariadb-10032-release-notes/)
Found External Link (https://mariadb.com/kb/en/mariadb-1045-changelog/)
Found External Link (https://mariadb.com/kb/en/mariadb-galera-cluster-5542-release-notes/)
Found External Link (https://mariadb.com/kb/en/mariadb-5310-release-notes/)
Found External Link (https://mariadb.com/kb/en/mariadb-10138-release-notes/)
Found External Link (https://mariadb.com/kb/en/mdb-10121-rn/)
Found External Link (https://mariadb.com/kb/en/mariadb-5560-release-notes/)
Found External Link (https://mariadb.com/kb/en/dbforge-studio-for-mariadb-universal-gui-tool-for-management-administration/)
Found External Link (https://mariadb.com/kb/en/mariadb-10420-changelog/)
Found External Link (https://mariadb.com/kb/en/mariadb-releases/)
Found External Link (https://mariadb.com/kb/en/release-process/)
Found External Link (https://mariadb.com/kb/en/plans-for-10x/)
Found External Link (https://mariadb.com/kb/en/mariadb-5563-changelog/)
Found External Link (https://mariadb.com/kb/en/system-variable-differences-between-mariadb-109-and-mysql-80/)
Found External Link (https://mariadb.com/kb/en/mariadb-10323-changelog/)
Found External Link (https://mariadb.com/kb/en/dbforge-data-generator/)
Found External Link (https://mariadb.com/kb/en/mdb-10118-rn/)
Found External Link (https://mariadb.com/kb/en/google-summer-of-code-2016/)
Found External Link (https://mariadb.com/kb/en/dbforge-schema-compare-for-mariadb-mysql/)
Found External Link (https://mariadb.com/kb/en/mariadb-5523-release-notes/)
Found External Link (https://mariadb.com/kb/en/mariadb-10018-release-notes/)
Found External Link (https://mariadb.com/kb/en/installation-issues-with-php5/)
Found External Link (https://mariadb.com/kb/en/mdb-1057-rn/)
Found External Link (https://mariadb.com/kb/en/mariadb-10331-changelog/)
Found External Link (https://mariadb.com/kb/en/mdb-5554-rn/)
Found External Link (https://mariadb.com/kb/en/mariadb-5523-changelog/)
Found External Link (https://mariadb.com/kb/en/mariadb-10119-release-notes/)
Found External Link (https://mariadb.com/kb/en/mariadb-5568-release-notes/)
Found External Link (https://mariadb.com/kb/en/branding-guidelines/)
Found External Link (https://mariadb.com/kb/en/mariadb-10514-changelog/)
Found External Link (https://mariadb.com/kb/en/mysql_debug/)
Found External Link (https://mariadb.com/kb/en/mariadb-533-release-notes/)
Found External Link (https://mariadb.com/kb/en/mariadb-10313-changelog/)
Found External Link (https://mariadb.com/kb/en/mariadb-10021-release-notes/)
Found External Link (https://mariadb.com/kb/en/mariadb-10335-changelog/)
Found External Link (https://mariadb.com/kb/en/mycli/)
Found External Link (https://mariadb.com/kb/en/tableplus/)
Found External Link (https://mariadb.com/kb/en/mariadb-1048-changelog/)
Found External Link (https://mariadb.com/kb/en/mariadb-10122-changelog/)
Found External Link (https://mariadb.com/kb/en/mariadb-10034-release-notes/)
Found External Link (https://mariadb.com/kb/en/mariadb-10144-release-notes/)
Found External Link (https://mariadb.com/kb/en/mariadb-10118-changelog/)
Found External Link (https://mariadb.com/kb/en/which-datatypes-are-supported-by-mariadb/)
Found External Link (https://mariadb.com/kb/en/mariadb/partition-maintenance/)
Found External Link (https://mariadb.com/kb/en/mariadb-1016-changelog/)
Found External Link (https://mariadb.com/kb/en/mariadb-10143-changelog/)
Found External Link (https://mariadb.com/kb/en/changelogs-mariadb-51-series/)
Found External Link (https://mariadb.com/kb/en/changelogs-mariadb-52-series/)
Found External Link (https://mariadb.com/kb/en/show-innodb-status/)
Found External Link (https://mariadb.com/kb/en/mariadb-10139-release-notes/)
Found External Link (https://mariadb.com/kb/en/mariadb-5561-changelog/)
Found External Link (https://mariadb.com/kb/en/show-innodb-status-removed/)
Found External Link (https://mariadb.com/kb/en/release-notes-mariadb-55-series/)
Found External Link (https://mariadb.com/kb/en/mariadb-10113-changelog/)
Found External Link (https://mariadb.com/kb/en/mariadb-5529-changelog/)
Found External Link (https://mariadb.com/kb/en/mariadb-10143-release-notes/)
Found External Link (https://mariadb.com/kb/en/mariadb-5312-changelog/)
Found External Link (https://mariadb.com/kb/en/how-to-produce-a-full-stack-trace-for-mysqld-the-mariadb-server/)
Found External Link (https://mariadb.com/kb/en/mariadb-5559-release-notes/)
Found External Link (https://mariadb.com/kb/en/mariadb-10129-release-notes/)
Found External Link (https://mariadb.com/kb/en/valentina-studio/)
Found External Link (https://mariadb.com/kb/en/mariadb-10131-changelog/)
Found External Link (https://mariadb.com/kb/en/creating-pivot-table-fails/)
Found External Link (https://mariadb.com/kb/en/mariadb-10127-release-notes/)
Found External Link (https://mariadb.com/kb/en/mariadb-10215-changelog/)
Found External Link (https://mariadb.com/kb/en/mariadb-5530-changelog/)
Found External Link (https://mariadb.com/kb/en/mariadb-galera-cluster-10027-release-notes/)
Found External Link (https://mariadb.com/kb/en/mariadb-galera-cluster-10025-release-notes/)
Found External Link (https://mariadb.com/kb/en/mariadb-10325-changelog/)
Found External Link (https://mariadb.com/kb/en/mariadb-galera-cluster-5532-release-notes/)
Found External Link (https://mariadb.com/kb/en/leveldb/)
Found External Link (https://mariadb.com/kb/en/mariadb-10129-changelog/)
Found External Link (https://mariadb.com/kb/en/mariadb-530-changelog/)
Found External Link (https://mariadb.com/kb/en/mariadb-531-release-notes/)
Found External Link (https://mariadb.com/kb/en/mysql_zap/)
Found External Link (https://mariadb.com/kb/en/mariadb-10141-release-notes/)
Found External Link (https://mariadb.com/kb/en/mariadb-galera-cluster-5537-release-notes/)
Found External Link (https://mariadb.com/kb/en/why-does-mariadb-102-use-innodb-instead-of-xtradb/)
Found External Link (https://mariadb.com/kb/en/mariadb-520-release-notes/)
Found External Link (https://mariadb.com/kb/en/mariadb-5542-release-notes/)
Found External Link (https://mariadb.com/kb/en/mariadb-galera-cluster-10035-release-notes/)
Found External Link (https://mariadb.com/kb/en/federatedx/)
Found External Link (https://mariadb.com/kb/en/issimple/)
Found External Link (https://mariadb.com/kb/en/mariadb-10126-release-notes/)
Found External Link (https://mariadb.com/kb/en/mdb-10025-rn/)
Found External Link (https://mariadb.com/kb/en/what-is-in-the-different-mariadb-releases/)
Found External Link (https://mariadb.com/kb/en/mariadb-10130-release-notes/)
Found External Link (https://mariadb.com/kb/en/mariadb-10136-changelog/)
Found External Link (https://mariadb.com/kb/en/mariadb-522-release-notes/)
Found External Link (https://mariadb.com/kb/en/mariadb-1019-changelog/)
Found External Link (https://mariadb.com/kb/en/using-mariadb-columnstore/)
Found External Link (https://mariadb.com/kb/en/mariadb-1050-changelog/)
Found External Link (https://mariadb.com/kb/en/mariadb-1010-changelog/)
Found External Link (https://mariadb.com/kb/en/project-suggestions/)
Found External Link (https://mariadb.com/kb/en/installing-mariadb-rpm-files/)
Found External Link (https://mariadb.com/kb/en/mariadb-source-code-internals/)
Found External Link (https://mariadb.com/kb/en/tools/)
Found External Link (https://mariadb.com/kb/en/backup-restore-and-import-clients-percona-xtrabackup/)
Found External Link (https://mariadb.com/kb/en/beekeeper-studio/)
Found External Link (https://mariadb.com/kb/en/mariadb-526-changelog/)
Found External Link (https://mariadb.com/kb/en/mariadb-10318-changelog/)
Found External Link (https://mariadb.com/kb/en/mariadb-5524-release-notes/)
Found External Link (https://mariadb.com/kb/en/function-differences-between-mariadb-109-and-mysql-80/)
Found External Link (https://mariadb.com/kb/en/mariadb-1036-changelog/)
Found External Link (https://mariadb.com/kb/en/mariadb-5543-release-notes/)
Found External Link (https://mariadb.com/kb/en/explain-formatjson-differences-from-mysql/)
Found External Link (https://mariadb.com/kb/en/works-with-mariadb/)
Found External Link (https://mariadb.com/kb/en/mariadb-10114-release-notes/)
Found External Link (https://mariadb.com/kb/en/mariadb-1008-changelog/)
Found External Link (https://mariadb.com/kb/en/mariadb-1051-changelog/)
Found External Link (https://mariadb.com/kb/en/mdb-10135-rn/)
Found External Link (https://mariadb.com/kb/en/mariadb/)
Found External Link (https://mariadb.com/kb/en/mariadb-5565-release-notes/)
Found External Link (https://mariadb.com/kb/en/mariadb-plans-gis/)
Found External Link (https://mariadb.com/kb/en/mariadb-5525-changelog/)
Found External Link (https://mariadb.com/kb/en/mariadb-538-release-notes/)
Found External Link (https://mariadb.com/kb/en/mysql_affected_rows/)
Found External Link (https://mariadb.com/kb/en/connectors/)
Found External Link (https://mariadb.com/kb/en/threadpool-benchmarks/)
Found External Link (https://mariadb.com/kb/en/mariadb-5520-release-notes/)
Found External Link (https://mariadb.com/kb/en/fusion-io-multi-threaded-flush/)
Found External Link (https://mariadb.com/kb/en/mariadb-1091-changelog/)
Found External Link (https://mariadb.com/kb/en/mdb-5560-rn/)
Found External Link (https://mariadb.com/kb/en/irc/)
Found External Link (https://mariadb.com/kb/en/mariadb-10229-changelog/)
Found External Link (https://mariadb.com/kb/en/donations/)
Found External Link (https://mariadb.com/kb/en/system-variable-differences-between-mariadb-101-and-mysql-56/)
Found External Link (https://mariadb.com/kb/en/system-variable-differences-between-mariadb-and-mysql-unsupported-releases/)
Found External Link (https://mariadb.com/kb/en/mariadb-1057-changelog/)
Found External Link (https://mariadb.com/kb/en/security-vulnerabilities-in-oracle-mysql-that-did-not-exist-in-mariadb/)
Found External Link (https://mariadb.com/kb/en/mariadb-10127-changelog/)
Found External Link (https://mariadb.com/kb/en/information-schema-changed_page_bitmaps-table/)
Found External Link (https://mariadb.com/kb/en/mariadb-1006-changelog/)
Found External Link (https://mariadb.com/kb/en/mariadb-535-release-notes/)
Found External Link (https://mariadb.com/kb/en/mariadb-10028-release-notes/)
Found External Link (https://mariadb.com/kb/en/percona-xtrabackup-overview/)
Found External Link (https://mariadb.com/kb/en/changelogs-mariadb-103-series/)
Found External Link (https://mariadb.com/kb/en/mariadb-10013-release-notes/)
Found External Link (https://mariadb.com/kb/en/mdb-10146-rn/)
Found External Link (https://mariadb.com/kb/en/changelogs-mariadb-53-series/)
Found External Link (https://mariadb.com/kb/en/condition-selectivity-computation-internals/)
Found External Link (https://mariadb.com/kb/en/compiling-with-the-innodb-plugin-from-oracle/)
Found External Link (https://mariadb.com/kb/en/mariadb-1039-changelog/)
Found External Link (https://mariadb.com/kb/en/mdb-10034-rn/)
Found External Link (https://mariadb.com/kb/en/mariadb-audit-plugin-117-release-notes/)
Found External Link (https://mariadb.com/kb/en/mariadb/why-is-order-by-in-a-from-subquery-ignored/)
Found External Link (https://mariadb.com/kb/en/mariadb-10134-changelog/)
Found External Link (https://mariadb.com/kb/en/release-notes-mariadb-53-series/)
Found External Link (https://mariadb.com/kb/en/sb-data-generator/)
Found External Link (https://mariadb.com/kb/en/y/)
Found External Link (https://mariadb.com/kb/en/mariadb-5557-release-notes/)
Found External Link (https://mariadb.com/kb/en/mariadb-10147-changelog/)
Found External Link (https://mariadb.com/kb/en/mariadb-1040-changelog/)
Found External Link (https://mariadb.com/kb/en/release-criteria/)
Found External Link (https://mariadb.com/kb/en/mariadb-5552-release-notes/)
Found External Link (https://mariadb.com/kb/en/mariadb-10413-changelog/)
Found External Link (https://mariadb.com/kb/en/explain-format-json-differences/)
Found External Link (https://mariadb.com/kb/en/system-variables-added-in-mariadb-101/)
Found External Link (https://mariadb.com/kb/en/mdb-10035-rn/)
Found External Link (https://mariadb.com/kb/en/mdb-10030-rn/)
Found External Link (https://mariadb.com/kb/en/diagnostics-area/)
Found External Link (https://mariadb.com/kb/en/mariadb-10038-release-notes/)
Found External Link (https://mariadb.com/kb/en/mariadb-10226-changelog/)
Found External Link (https://mariadb.com/kb/en/mysql_optionsv/)
Found External Link (https://mariadb.com/kb/en/mariadb-10110-changelog/)
Found External Link (https://mariadb.com/kb/en/changelogs/)
Found External Link (https://mariadb.com/kb/en/mca/)
Found External Link (https://mariadb.com/kb/en/dbforge-data-compare/)
Found External Link (https://mariadb.com/kb/en/mariadb-10223-changelog/)
Found External Link (https://mariadb.com/kb/en/mariadb-1044-changelog/)
Found External Link (https://mariadb.com/kb/en/mdb-5548-rn/)
Found External Link (https://mariadb.com/kb/en/mariadb-5555-changelog/)
Found External Link (https://mariadb.com/kb/en/mariadb-10241-changelog/)
Found External Link (https://mariadb.com/kb/en/books-on-mariadb-code/)
Found External Link (https://mariadb.com/kb/en/mariadb-galera-cluster-10016-release-notes/)
Found External Link (https://mariadb.com/kb/en/cassandra-status-variables/)
Found External Link (https://mariadb.com/kb/en/leveldb-storage-engine-ms2/)
Found External Link (https://mariadb.com/kb/en/mariadb-1066-changelog/)
Found External Link (https://mariadb.com/kb/en/mariadb-10131-release-notes/)
Found External Link (https://mariadb.com/kb/en/changelogs-mariadb-104-series/)
Found External Link (https://mariadb.com/kb/en/mariadb-galera-cluster-5563-release-notes/)
Found External Link (https://mariadb.com/kb/en/mariadb-audit-plugin-113-release-notes/)
Found External Link (https://mariadb.com/kb/en/mariadb-527-changelog/)
Found External Link (https://mariadb.com/kb/en/mariadb-525-release-notes/)
Found External Link (https://mariadb.com/kb/en/managing-columnstore/)
Found External Link (https://mariadb.com/kb/en/mdb-10027-rn/)
Found External Link (https://mariadb.com/kb/en/mariadb-connector-c/)
Found External Link (https://mariadb.com/kb/en/mariadb-10125-changelog/)
Found External Link (https://mariadb.com/kb/en/mariadb-5559-changelog/)
Found External Link (https://mariadb.com/kb/en/mariadb-10024-changelog/)
Found External Link (https://mariadb.com/kb/en/mariadb-1058-changelog/)
Found External Link (https://mariadb.com/kb/en/mariadb-526-release-notes/)
Found External Link (https://mariadb.com/kb/en/mariadb-10228-changelog/)
Found External Link (https://mariadb.com/kb/en/mariadb-5533a-changelog/)
Found External Link (https://mariadb.com/kb/en/creating-a-trace-file/)
Found External Link (https://mariadb.com/kb/en/mdb-10244-rn/)
Found External Link (https://mariadb.com/kb/en/gssapi-authentication-plugin/)
Found External Link (https://mariadb.com/kb/en/mariadb-5540-changelog/)
Found External Link (https://mariadb.com/kb/en/mariadb-524-changelog/)
Found External Link (https://mariadb.com/kb/en/mariadb-versus-mysql-compatibility/)
Found External Link (https://mariadb.com/kb/en/mariadb-5541-release-notes/)
Found External Link (https://mariadb.com/kb/en/mariadb-galera-cluster-5539-release-notes/)
Found External Link (https://mariadb.com/kb/en/mariadb-10414-changelog/)
Found External Link (https://mariadb.com/kb/en/mariadb-1033-changelog/)
Found External Link (https://mariadb.com/kb/en/mariadb-10029-changelog/)
Found External Link (https://mariadb.com/kb/en/mdb-5557-rn/)
Found External Link (https://mariadb.com/kb/en/nodejs-connector/)
Found External Link (https://mariadb.com/kb/en/mariadb-10115-changelog/)
Found External Link (https://mariadb.com/kb/en/mariadb-5530-release-notes/)
Found External Link (https://mariadb.com/kb/en/mdb-10115-rn/)
Found External Link (https://mariadb.com/kb/en/mariadb-5212-release-notes/)
Found External Link (https://mariadb.com/kb/en/mariadb-5550-changelog/)
Found External Link (https://mariadb.com/kb/en/mdb-10028-rn/)
Found External Link (https://mariadb.com/kb/en/mariadb-1000-release-notes/)
Found External Link (https://mariadb.com/kb/en/mariadb-10116-release-notes/)
Found External Link (https://mariadb.com/kb/en/upgrading-from-mariadb-100-to-101/)
Found External Link (https://mariadb.com/kb/en/hbase-storage-engine/)
Found External Link (https://mariadb.com/kb/en/mariadb-10016-changelog/)
Found External Link (https://mariadb.com/kb/en/intermediate-and-advanced-books/)
Found External Link (https://mariadb.com/kb/en/changelogs-mariadb-108-series/)
Found External Link (https://mariadb.com/kb/en/release-notes-mariadb-101-series/)
Found External Link (https://mariadb.com/kb/en/mariadb-5532-changelog/)
Found External Link (https://mariadb.com/kb/en/pbxt-storage-engine/)
Found External Link (https://mariadb.com/kb/en/mariadb-5161-release-notes/)
Found External Link (https://mariadb.com/kb/en/libreoffice-base/)
Found External Link (https://mariadb.com/kb/en/mdb-5553-rn/)
Found External Link (https://mariadb.com/kb/en/mariadb-5548-changelog/)
Found External Link (https://mariadb.com/kb/en/federated-storage-engine/)
Found External Link (https://mariadb.com/kb/en/mariadb-10234-changelog/)
Found External Link (https://mariadb.com/kb/en/using-tls-ssl-with-mariadb-java-connector/)
Found External Link (https://mariadb.com/kb/en/mariadb-5144-release-notes/)
Found External Link (https://mariadb.com/kb/en/mariadb-bug-fixing-policy/)
Found External Link (https://mariadb.com/kb/en/friends-of-mariadb/)
Found External Link (https://mariadb.com/kb/en/mariadb-5544-changelog/)
Found External Link (https://mariadb.com/kb/en/mdb-10142-rn/)
Found External Link (https://mariadb.com/kb/en/mariadb-5561-release-notes/)
Found External Link (https://mariadb.com/kb/en/compiling-mariadb-with-vanilla-xtradb/)
Found External Link (https://mariadb.com/kb/en/mariadb-galera-cluster-10028-release-notes/)
Found External Link (https://mariadb.com/kb/en/proxy-protocol-support/)
Found External Link (https://mariadb.com/kb/en/mariadb-5310-changelog/)
Found External Link (https://mariadb.com/kb/en/mariadb-10114-changelog/)
Found External Link (https://mariadb.com/kb/en/moon-modeler/)
Found External Link (https://mariadb.com/kb/en/mariadb-audit-plugin-115-release-notes/)
Found External Link (https://mariadb.com/kb/en/mariadb-5539-release-notes/)
Found External Link (https://mariadb.com/kb/en/mariadb-galera-cluster-10010-release-notes/)
Found External Link (https://mariadb.com/kb/en/x/)
Found External Link (https://mariadb.com/kb/en/thread-pool-in-mariadb-55/)
Found External Link (https://mariadb.com/kb/en/mariadb-10126-changelog/)
Found External Link (https://mariadb.com/kb/en/starting-and-stopping-mariadb-starting-and-stopping-mariadb/)
Found External Link (https://mariadb.com/kb/en/mariadb-539-release-notes/)
Found External Link (https://mariadb.com/kb/en/mariadb-10137-changelog/)
Found External Link (https://mariadb.com/kb/en/mariadb-5151-release-notes/)
Found External Link (https://mariadb.com/kb/en/mariadb-10146-release-notes/)
Found External Link (https://mariadb.com/kb/en/mariadb-536-changelog/)
Found External Link (https://mariadb.com/kb/en/non-blocking-client-library/)
Found External Link (https://mariadb.com/kb/en/client-libraries/)
Found External Link (https://mariadb.com/kb/en/mariadb-10035-changelog/)
Found External Link (https://mariadb.com/kb/en/mariadb-10310-changelog/)
Found External Link (https://mariadb.com/kb/en/mariadb-10145-release-notes/)
Found External Link (https://mariadb.com/kb/en/mdb-10123-rn/)
Found External Link (https://mariadb.com/kb/en/building-columnstore-in-mariadb/)
Found External Link (https://mariadb.com/kb/en/mariadb-10132-changelog/)
Found External Link (https://mariadb.com/kb/en/mariadb-10112-changelog/)
Found External Link (https://mariadb.com/kb/en/mdb-5550-rn/)
Found External Link (https://mariadb.com/kb/en/mariadb-10128-release-notes/)
Found External Link (https://mariadb.com/kb/en/mariadb-1032-changelog/)
Found External Link (https://mariadb.com/kb/en/libmariadb/)
Found External Link (https://mariadb.com/kb/en/mariadb-10022-release-notes/)
Found External Link (https://mariadb.com/kb/en/mariadb-10036-release-notes/)
Found External Link (https://mariadb.com/kb/en/mariadb-galera-cluster-5557-release-notes/)
Found External Link (https://mariadb.com/kb/en/mariadb-1067-changelog/)
Found External Link (https://mariadb.com/kb/en/mariadb-5564-changelog/)
Found External Link (https://mariadb.com/kb/en/mariadb-galera-cluster-releases/)
Found External Link (https://mariadb.com/kb/en/mariadb-10009-release-notes/)
Found External Link (https://mariadb.com/kb/en/buildbot-setup-for-solaris-sparc/)
Found External Link (https://mariadb.com/kb/en/mariadb-10111-changelog/)
Found External Link (https://mariadb.com/kb/en/mariadb-5558-changelog/)
Found External Link (https://mariadb.com/kb/en/backup-restore-and-import-xtrabackup/)
Found External Link (https://mariadb.com/kb/en/pam-authentication-plugin/)
Found External Link (https://mariadb.com/kb/en/mariadb-5533-debian-and-ubuntu-installation-issues/)
Found External Link (https://mariadb.com/kb/en/mariadb-10121-changelog/)
Found External Link (https://mariadb.com/kb/en/mariadb-523-release-notes/)
Found External Link (https://mariadb.com/kb/en/mysql_real_connect/)
Found External Link (https://mariadb.com/kb/en/mtr-auxiliary-files/)
Found External Link (https://mariadb.com/kb/en/mariadb-10244-release-notes/)
Found External Link (https://mariadb.com/kb/en/mariadb-10028-changelog/)
Found External Link (https://mariadb.com/kb/en/mariadb-5567-release-notes/)
Found External Link (https://mariadb.com/kb/en/mariadb-galera-cluster-5556-release-notes/)
Found External Link (https://mariadb.com/kb/en/what-is-mariadb-52/)
Found External Link (https://mariadb.com/kb/en/toad-edge/)
Found External Link (https://mariadb.com/kb/en/mariadb-10034-changelog/)
Found External Link (https://mariadb.com/kb/en/mariadb-5540-release-notes/)
Found External Link (https://mariadb.com/kb/en/mariadb-5522-release-notes/)
Found External Link (https://mariadb.com/kb/en/mariadb-1074-changelog/)
Found External Link (https://mariadb.com/kb/en/mariadb-5531-release-notes/)
Found External Link (https://mariadb.com/kb/en/ndb-disabled-in-mariadb/)
Found External Link (https://mariadb.com/kb/en/mariadb-10038-changelog/)
Found External Link (https://mariadb.com/kb/en/mariadb-10319-changelog/)
Found External Link (https://mariadb.com/kb/en/dbforge-query-builder-for-mysql-mariadb/)
Found External Link (https://mariadb.com/kb/en/mariadb-versus-mysql/)
Found External Link (https://mariadb.com/kb/en/mariadb-5545-release-notes/)
Found External Link (https://mariadb.com/kb/en/mariadb-10010-release-notes/)
Found External Link (https://mariadb.com/kb/en/annotate_rows_event/)
Found External Link (https://mariadb.com/kb/en/mariadb-1043-changelog/)
Found External Link (https://mariadb.com/kb/en/plans-for-mariadb-109/)
Found External Link (https://mariadb.com/kb/en/mariadb-10123-changelog/)
Found External Link (https://mariadb.com/kb/en/mariadb-10322-changelog/)
Found External Link (https://mariadb.com/kb/en/mdb-5559-rn/)
Found External Link (https://mariadb.com/kb/en/mariadb-1014-release-notes/)
Found External Link (https://mariadb.com/kb/en/mariadb-5562-release-notes/)
Found External Link (https://mariadb.com/kb/en/mdb-1059-rn/)
Found External Link (https://mariadb.com/kb/en/mariadb-53-asynchronous-io-on-windows-with-innodb/)
Found External Link (https://mariadb.com/kb/en/legacy-storage-engines/)
Found External Link (https://mariadb.com/kb/en/mariadb-10142-changelog/)
Found External Link (https://mariadb.com/kb/en/cassandra-system-variables/)
Found External Link (https://mariadb.com/kb/en/mariadb-10135-changelog/)
Found External Link (https://mariadb.com/kb/en/mariadb-539-changelog/)
Found External Link (https://mariadb.com/kb/en/plans-for-mariadb-1010/)
Found External Link (https://mariadb.com/kb/en/mdb-10026-rn/)
Found External Link (https://mariadb.com/kb/en/mariadb-537-release-notes/)
Found External Link (https://mariadb.com/kb/en/mariadb-5529-release-notes/)
Found External Link (https://mariadb.com/kb/en/mdb-5562-rn/)
Found External Link (https://mariadb.com/kb/en/columnstore-system-variables/)
Found External Link (https://mariadb.com/kb/en/pbxt/)
Found External Link (https://mariadb.com/kb/en/mariadb-10021-changelog/)
Found External Link (https://mariadb.com/kb/en/mdb-5549-rn/)
Found External Link (https://mariadb.com/kb/en/mariadb-5558-release-notes/)
Found External Link (https://mariadb.com/kb/en/mariadb-10231-changelog/)
Found External Link (https://mariadb.com/kb/en/legal-documents/)
Found External Link (https://mariadb.com/kb/en/optimizer-feature-comparison-matrix/)
Found External Link (https://mariadb.com/kb/en/mariadb-538-changelog/)
Found External Link (https://mariadb.com/kb/en/storagemanager/)
Found External Link (https://mariadb.com/kb/en/mysqlconnector-for-adonet/)
Found External Link (https://mariadb.com/kb/en/mariadb-535-changelog/)
Found External Link (https://mariadb.com/kb/en/who-is-behind-mariadb/)
Found External Link (https://mariadb.com/kb/en/changelogs-mariadb-109-series/)
Found External Link (https://mariadb.com/kb/en/mariadb-1059-changelog/)
Found External Link (https://mariadb.com/kb/en/mdb-10033-rn/)
Found External Link (https://mariadb.com/kb/en/mariadb-connector-c-310-release-notes/)
Found External Link (https://mariadb.com/kb/en/mariadb-5548-release-notes/)
Found External Link (https://mariadb.com/kb/en/mariadb-10017-release-notes/)
Found External Link (https://mariadb.com/kb/en/mariadb-537-changelog/)
Found External Link (https://mariadb.com/kb/en/mariadb-1056-changelog/)
Found External Link (https://mariadb.com/kb/en/mariadb-documentation/)
Found External Link (https://mariadb.com/kb/en/mariadb-1005-release-notes/)
Found External Link (https://mariadb.com/kb/en/dbforge-documenter-for-mariadb-and-mysql/)
Found External Link (https://mariadb.com/kb/en/mariadb-1049-changelog/)
Found External Link (https://mariadb.com/kb/en/mdb-10144-rn/)
Found External Link (https://mariadb.com/kb/en/upgrading-to-mariadb-from-mysql-50-or-older/)
Found External Link (https://mariadb.com/kb/en/mariadb-10148-release-notes/)
Found External Link (https://mariadb.com/kb/en/mdb-10148-rn/)
Found External Link (https://mariadb.com/kb/en/mariadb-10148-changelog/)
Found External Link (https://mariadb.com/kb/en/mariadb-10123-release-notes/)
Found External Link (https://mariadb.com/kb/en/mariadb-1061-changelog/)
Found External Link (https://mariadb.com/kb/en/mariadb-5551-changelog/)
Found External Link (https://mariadb.com/kb/en/mariadb-10121-release-notes/)
Found External Link (https://mariadb.com/kb/en/mdb-10029-rn/)
Found External Link (https://mariadb.com/kb/en/mariadb-5522-changelog/)
Found External Link (https://mariadb.com/kb/en/mariadb-1003-changelog/)
Found External Link (https://mariadb.com/kb/en/mariadb-5155-release-notes/)
Found External Link (https://mariadb.com/kb/en/upgrading-to-mariadb-from-mysql/)
Found External Link (https://mariadb.com/kb/en/mariadb-5544-release-notes/)
Found External Link (https://mariadb.com/kb/en/mariadb-1015-release-notes/)
Found External Link (https://mariadb.com/kb/en/mariadb-5537-changelog/)
Found External Link (https://mariadb.com/kb/en/mariadb-10239-changelog/)
Found External Link (https://mariadb.com/kb/en/upgrading-from-mariadb-100-to-mariadb-101/)
Found External Link (https://mariadb.com/kb/en/mariadb-1062-changelog/)
Found External Link (https://mariadb.com/kb/en/mariadb-1012-changelog/)
Found External Link (https://mariadb.com/kb/en/mariadb-10013-changelog/)
Found External Link (https://mariadb.com/kb/en/obsolete-installation-information/)
Found External Link (https://mariadb.com/kb/en/jira-project-planning-and-tracking/)
Found External Link (https://mariadb.com/kb/en/mariadb-10232-changelog/)
Found External Link (https://mariadb.com/kb/en/mariadb-1029-changelog/)
Found External Link (https://mariadb.com/kb/en/mariadb-galera-cluster-5553-release-notes/)
Found External Link (https://mariadb.com/kb/en/rollback-statement/)
Found External Link (https://mariadb.com/kb/en/mariadb-1054-changelog/)
Found External Link (https://mariadb.com/kb/en/mariadb-java-client/)
Found External Link (https://mariadb.com/kb/en/mariadb-10119-changelog/)
Found External Link (https://mariadb.com/kb/en/optimizer-debugging-with-gdb/)
Found External Link (https://mariadb.com/kb/en/show-user_statistics/)
Found External Link (https://mariadb.com/kb/en/mariadb-1015-changelog/)
Found External Link (https://mariadb.com/kb/en/buildbot/)
Found External Link (https://mariadb.com/kb/en/mariadb-5536-release-notes/)
Found External Link (https://mariadb.com/kb/en/mariadb-5213-changelog/)
Found External Link (https://mariadb.com/kb/en/mariadb-1002-changelog/)
Found External Link (https://mariadb.com/kb/en/mariadb-5211-changelog/)
Found External Link (https://mariadb.com/kb/en/mariadb-5169-release-notes/)
Found External Link (https://mariadb.com/kb/en/mariadb-1005-changelog/)
Found External Link (https://mariadb.com/kb/en/mariadb-5533-release-notes/)
Found External Link (https://mariadb.com/kb/en/puppet-and-mariadb/)
Found External Link (https://mariadb.com/kb/en/mariadb-1018-release-notes/)
Found External Link (https://mariadb.com/kb/en/mdb-10136-rn/)
Found External Link (https://mariadb.com/kb/en/gssapi-authentication-with-mariadb-connectorj/)
Found External Link (https://mariadb.com/kb/en/mdb-10036-rn/)
Found External Link (https://mariadb.com/kb/en/mariadb-5213-release-notes/)
Found External Link (https://mariadb.com/kb/en/applications-supporting-mariadb/)
Found External Link (https://mariadb.com/kb/en/mariadb-5539-changelog/)
Found External Link (https://mariadb.com/kb/en/mariadb-10224-changelog/)
Found External Link (https://mariadb.com/kb/en/mariadb-10419-changelog/)
Found External Link (https://mariadb.com/kb/en/mariadb-1042-changelog/)
Found External Link (https://mariadb.com/kb/en/mariadb-5312-release-notes/)
Found External Link (https://mariadb.com/kb/en/mariadb-10135-release-notes/)
Found External Link (https://mariadb.com/kb/en/mariadb-1071-changelog/)
Found External Link (https://mariadb.com/kb/en/graphical-and-enhanced-clients-improved-sql-document-parser-performance-in-/)
Found External Link (https://mariadb.com/kb/en/mariadb-532-changelog/)
Found External Link (https://mariadb.com/kb/en/mariadb-10312-changelog/)
Found External Link (https://mariadb.com/kb/en/mariadb-10142-release-notes/)
Found External Link (https://mariadb.com/kb/en/threadpool-in-55/)
Found External Link (https://mariadb.com/kb/en/ocelotgui/)
Found External Link (https://mariadb.com/kb/en/information-schema-xtradb-tables/)
Found External Link (https://mariadb.com/kb/en/security/)
Found External Link (https://mariadb.com/kb/en/mariadb-10015-fusion-io-release-notes/)
Found External Link (https://mariadb.com/kb/en/books/)
Found External Link (https://mariadb.com/kb/en/code-coverage/)
Found External Link (https://mariadb.com/kb/en/mariadb-10112-release-notes/)
Found External Link (https://mariadb.com/kb/en/mariadb-5528a-changelog/)
Found External Link (https://mariadb.com/kb/en/mariadb-5167-changelog/)
Found External Link (https://mariadb.com/kb/en/plans-for-mariadb-106/)
Found External Link (https://mariadb.com/kb/en/system-variable-differences-between-mariadb-102-and-mysql-56/)
Found External Link (https://mariadb.com/kb/en/system-variable-differences-between-mariadb-101-and-mysql-57/)
Found External Link (https://mariadb.com/kb/en/mdb-5551-rn/)
Found External Link (https://mariadb.com/kb/en/mariadb-5210-release-notes/)
Found External Link (https://mariadb.com/kb/en/mdb-10038-rn/)
Found External Link (https://mariadb.com/kb/en/about-mariadb-columnstore/)
Found External Link (https://mariadb.com/kb/en/profiling-with-linux-perf-tool/)
Found External Link (https://mariadb.com/kb/en/mariadb-10513-changelog/)
Found External Link (https://mariadb.com/kb/en/mariadb-10334-changelog/)
Found External Link (https://mariadb.com/kb/en/mariadb-maintenance-policy/)
Found External Link (https://mariadb.com/kb/en/mariadb-5549-release-notes/)
Found External Link (https://mariadb.com/kb/en/mariadb-10411-changelog/)
Found External Link (https://mariadb.com/kb/en/mdb-10137-rn/)
Found External Link (https://mariadb.com/kb/en/constraint_type-unique-constraint/)
Found External Link (https://mariadb.com/kb/en/benchmarking/)
Found External Link (https://mariadb.com/kb/en/mariadb-10321-changelog/)
Found External Link (https://mariadb.com/kb/en/mariadb-513-release-notes/)
Found External Link (https://mariadb.com/kb/en/release-notes-mariadb-52-series/)
Found External Link (https://mariadb.com/kb/en/mariadb-10211-changelog/)
Found External Link (https://mariadb.com/kb/en/mariadb-1020-changelog/)
Found External Link (https://mariadb.com/kb/en/mariadb-5166-release-notes/)
Found External Link (https://mariadb.com/kb/en/contributing-to-the-askmonty-knowledgebase/)
Found External Link (https://mariadb.com/kb/en/fusionio-directfs-atomic-write-support/)
Found External Link (https://mariadb.com/kb/en/system-variable-differences-between-mariadb-100-and-mysql-56/)
Found External Link (https://mariadb.com/kb/en/information-schema-plugins-show-and-flush-statements/)
Found External Link (https://mariadb.com/kb/en/mariadb-10032-changelog/)
Found External Link (https://mariadb.com/kb/en/about-mariadb-connector-c/)
Found External Link (https://mariadb.com/kb/en/mariadb-10425-changelog/)
Found External Link (https://mariadb.com/kb/en/dynamic-columns-api/)
Found External Link (https://mariadb.com/kb/en/mariadb-5562-changelog/)
Found External Link (https://mariadb.com/kb/en/cve/)
Found External Link (https://mariadb.com/kb/en/mariadb-10133-release-notes/)
Found External Link (https://mariadb.com/kb/en/mdb-10130-rn/)
Found External Link (https://mariadb.com/kb/en/mariadb-10035-release-notes/)
Found External Link (https://mariadb.com/kb/en/mariadb-5567-changelog/)
Found External Link (https://mariadb.com/kb/en/mariadb-galera-cluster-5535-release-notes/)
Found External Link (https://mariadb.com/kb/en/mariadb-1030-changelog/)
Found External Link (https://mariadb.com/kb/en/mariadb-5547-release-notes/)
Found External Link (https://mariadb.com/kb/en/restore-table-removed/)
Found External Link (https://mariadb.com/kb/en/mdb-10139-rn/)
Found External Link (https://mariadb.com/kb/en/mariadb-534-release-notes/)
Found External Link (https://mariadb.com/kb/en/mdb-1055-rn/)
Found External Link (https://mariadb.com/kb/en/mariadb-license/)
Found External Link (https://mariadb.com/kb/en/mariadb-10329-changelog/)
Found External Link (https://mariadb.com/kb/en/securich/)
Found External Link (https://mariadb.com/kb/en/columnstore/)
Found External Link (https://mariadb.com/kb/en/about-mariadb-connector-j/)
Found External Link (https://mariadb.com/kb/en/mariadb-10133-changelog/)
Found External Link (https://mariadb.com/kb/en/mariadb-5311-changelog/)
Found External Link (https://mariadb.com/kb/en/mariadb-10023-changelog/)
Found External Link (https://mariadb.com/kb/en/mdb-10133-rn/)
Found External Link (https://mariadb.com/kb/en/mariadb-1047-changelog/)
Found External Link (https://mariadb.com/kb/en/mariadb-10012-changelog/)
Found External Link (https://mariadb.com/kb/en/mariadb-1072-changelog/)
Found External Link (https://mariadb.com/kb/en/mariadb-1004-release-notes/)
Found External Link (https://mariadb.com/kb/en/changelogs-mariadb-106-series/)
Found External Link (https://mariadb.com/kb/en/mariadb-10316-changelog/)
Found External Link (https://mariadb.com/kb/en/mariadb-10014-release-notes/)
Found External Link (https://mariadb.com/kb/en/mdb-5547-rn/)
Found External Link (https://mariadb.com/kb/en/general-development-information/)
Found External Link (https://mariadb.com/kb/en/dbschema/)
Found External Link (https://mariadb.com/kb/en/mariadb-10219-changelog/)
Found External Link (https://mariadb.com/kb/en/mariadb-5520-changelog/)
Found External Link (https://mariadb.com/kb/en/leveldb-storage-engine-ms1/)
Found External Link (https://mariadb.com/kb/en/mariadb-5553-release-notes/)
Found External Link (https://mariadb.com/kb/en/mariadb-10220-changelog/)
Found External Link (https://mariadb.com/kb/en/mariadb-10128-changelog/)
Found External Link (https://mariadb.com/kb/en/function-differences-between-mariadb-108-and-mysql-80/)
Found External Link (https://mariadb.com/kb/en/columnstore-sql-structure-and-commands/)
Found External Link (https://mariadb.com/kb/en/mariadb-10033-changelog/)
Found External Link (https://mariadb.com/kb/en/mariadb-1001-release-notes/)
Found External Link (https://mariadb.com/kb/en/backing-up-and-restoring-databases-percona-xtrabackup/)
Found External Link (https://mariadb.com/kb/en/mariadb-10422-changelog/)
Found External Link (https://mariadb.com/kb/en/mariadb-1013-changelog/)
Found External Link (https://mariadb.com/kb/en/mariadb/data-warehousing-techniques/)
Found External Link (https://mariadb.com/kb/en/mariadb-10510-changelog/)
Found External Link (https://mariadb.com/kb/en/mariadb-10423-changelog/)
Found External Link (https://mariadb.com/kb/en/mariadb-10145-changelog/)
Found External Link (https://mariadb.com/kb/en/changelogs-mariadb-55-series/)
Found External Link (https://mariadb.com/kb/en/mariadb-527-release-notes/)
Found External Link (https://mariadb.com/kb/en/encryption-data-at-rest-encryption/)
Found External Link (https://mariadb.com/kb/en/mariadb-5139-release-notes/)
Found External Link (https://mariadb.com/kb/en/information-schema-xtradb_rseg-table/)
Found External Link (https://mariadb.com/kb/en/mariadb-1011-release-notes/)
Found External Link (https://mariadb.com/kb/en/mariadb-521-release-notes/)
Found External Link (https://mariadb.com/kb/en/mariadb-1018-changelog/)
Found External Link (https://mariadb.com/kb/en/mariadb-galera-cluster-10038-release-notes/)
Found External Link (https://mariadb.com/kb/en/mdb-10129-rn/)
Found External Link (https://mariadb.com/kb/en/google-summers-of-code/)
Found External Link (https://mariadb.com/kb/en/mariadb-audit-plugin-114-release-notes/)
Found External Link (https://mariadb.com/kb/en/mariadb-5556-changelog/)
Found External Link (https://mariadb.com/kb/en/mariadb-5552-changelog/)
Found External Link (https://mariadb.com/kb/en/quality/)
Found External Link (https://mariadb.com/kb/en/mariadb-audit-plugin-entitymdashentity-installation/)
Found External Link (https://mariadb.com/kb/en/status-variables-added-in-mariadb-100/)
Found External Link (https://mariadb.com/kb/en/mariadb-5546-release-notes/)
Found External Link (https://mariadb.com/kb/en/mariadb-10124-changelog/)
Found External Link (https://mariadb.com/kb/en/mariadb-10417-changelog/)
Found External Link (https://mariadb.com/kb/en/mariadb-10315-changelog/)
Found External Link (https://mariadb.com/kb/en/mdb-5561-rn/)
Found External Link (https://mariadb.com/kb/en/mariadb-1064-changelog/)
Found External Link (https://mariadb.com/kb/en/mariadb-1004-changelog/)
Found External Link (https://mariadb.com/kb/en/mariadb-10120-changelog/)
Found External Link (https://mariadb.com/kb/en/beginner-books/)
Found External Link (https://mariadb.com/kb/en/mariadb-versus-mysql-features/)
Found External Link (https://mariadb.com/kb/en/mariadb-10016-release-notes/)
Found External Link (https://mariadb.com/kb/en/release-notes-mariadb-100-series/)
Found External Link (https://mariadb.com/kb/en/people-behind-mariadb/)
Found External Link (https://mariadb.com/kb/en/pool-of-threads/)
Found External Link (https://mariadb.com/kb/en/querious/)
Found External Link (https://mariadb.com/kb/en/mariadb-5566-changelog/)
Found External Link (https://mariadb.com/kb/en/dbforge-fusion-mysql-mariadb-plugin-for-vs/)
Found External Link (https://mariadb.com/kb/en/tokudb/)
Found External Link (https://mariadb.com/kb/en/release-notes-mariadb-audit-plugin/)
Found External Link (https://mariadb.com/kb/en/mariadb-10015-release-notes/)
Found External Link (https://mariadb.com/kb/en/mariadb-53-optimizer-debugging/)
Found External Link (https://mariadb.com/kb/en/mdb-10037-rn/)
Found External Link (https://mariadb.com/kb/en/navicat/)
Found External Link (https://mariadb.com/kb/en/obsolete-replication-information/)
Found External Link (https://mariadb.com/kb/en/mariadb-10217-changelog/)
Found External Link (https://mariadb.com/kb/en/mariadb-5531-changelog/)
Found External Link (https://mariadb.com/kb/en/graphical-and-enhanced-clients-dbeaver/)
Found External Link (https://mariadb.com/kb/en/mariadb-10227-changelog/)
Found External Link (https://mariadb.com/kb/en/mariadb-galera-cluster-10031-release-notes/)
Found External Link (https://mariadb.com/kb/en/mariadb-10516-changelog/)
Found External Link (https://mariadb.com/kb/en/mdb-5563-rn/)
Found External Link (https://mariadb.com/kb/en/mariadb-10118-release-notes/)
Found External Link (https://mariadb.com/kb/en/mariadb-1060-changelog/)
Found External Link (https://mariadb.com/kb/en/the-maria53-gis-tree-on-launchpad/)
Found External Link (https://mariadb.com/kb/en/maxscale/)
Found External Link (https://mariadb.com/kb/en/mariadb-10140-changelog/)
Found External Link (https://mariadb.com/kb/en/mariadb-10022-changelog/)
Found External Link (https://mariadb.com/kb/en/what-is-mariadb-56/)
Found External Link (https://mariadb.com/kb/en/mariadb-10230-changelog/)
Found External Link (https://mariadb.com/kb/en/release-notes-mariadb-51-series/)
Found External Link (https://mariadb.com/kb/en/mariadb-10214-changelog/)
Found External Link (https://mariadb.com/kb/en/mariadb-524-release-notes/)
Found External Link (https://mariadb.com/kb/en/mariadb-galera-cluster-1007-release-notes/)
Found External Link (https://mariadb.com/kb/en/mariadb-522-changelog/)
Found External Link (https://mariadb.com/kb/en/mariadb-1035-changelog/)
Found External Link (https://mariadb.com/kb/en/future-developments-for-temporal-types/)
Found External Link (https://mariadb.com/kb/en/mariadb-5535-release-notes/)
Found External Link (https://mariadb.com/kb/en/mariadb-audit-plugin-116-release-notes/)
Found External Link (https://mariadb.com/kb/en/programmatic-compound-statements-diagnostics/)
Found External Link (https://mariadb.com/kb/en/mysql-sandbox/)
Found External Link (https://mariadb.com/kb/en/mariadb-10317-changelog/)
Found External Link (https://mariadb.com/kb/en/cassandrase/)
Found External Link (https://mariadb.com/kb/en/mariadb/group-by-trick-has-been-optimized-away/)
Found External Link (https://mariadb.com/kb/en/mariadb-1010-release-notes/)
Found External Link (https://mariadb.com/kb/en/mariadb-10117-release-notes/)
Found External Link (https://mariadb.com/kb/en/mariadb-10216-changelog/)
Found External Link (https://mariadb.com/kb/en/mariadb-10124-release-notes/)
Found External Link (https://mariadb.com/kb/en/mariadb-contributor-agreement-faq/)
Found External Link (https://mariadb.com/kb/en/ftp/)
Found External Link (https://mariadb.com/kb/en/mariadb-1034-changelog/)
Found External Link (https://mariadb.com/kb/en/mariadb-10111-release-notes/)
Found External Link (https://mariadb.com/kb/en/database-workbench/)
Found External Link (https://mariadb.com/kb/en/mariadb-520-changelog/)
Found External Link (https://mariadb.com/kb/en/mariadb-1025-changelog/)
Found External Link (https://mariadb.com/kb/en/mariadb-galera-cluster-10019-release-notes/)
Found External Link (https://mariadb.com/kb/en/mysqlproxies_priv-table/)
Found External Link (https://mariadb.com/kb/en/mariadb-5556-release-notes/)
Found External Link (https://mariadb.com/kb/en/web-hosting-providers-offering-mariadb/)
Found External Link (https://mariadb.com/kb/en/mariadb-5553-changelog/)
Found External Link (https://mariadb.com/kb/en/mariadb-10416-changelog/)
Found External Link (https://mariadb.com/kb/en/mariadb-10117-changelog/)
Found External Link (https://mariadb.com/kb/en/where-to-find-other-mariadb-users-and-developers/)
Found External Link (https://mariadb.com/kb/en/mariadb-10015-changelog/)
Found External Link (https://mariadb.com/kb/en/mariadb-galera-cluster-10029-release-notes/)
Found External Link (https://mariadb.com/kb/en/why-is-the-software-called-mariadb/)
Found External Link (https://mariadb.com/kb/en/mariadb-5210-changelog/)
Found External Link (https://mariadb.com/kb/en/mariadb-1083-changelog/)
Found External Link (https://mariadb.com/kb/en/mariadb-5534-release-notes/)
Found External Link (https://mariadb.com/kb/en/cassandra/)
Found External Link (https://mariadb.com/kb/en/mariadb-10330-changelog/)
Found External Link (https://mariadb.com/kb/en/toad-for-mysql-80/)
Found External Link (https://mariadb.com/kb/en/mariadb-10019-changelog/)
Found External Link (https://mariadb.com/kb/en/columnstore-data-ingestion/)
Found External Link (https://mariadb.com/kb/en/mariadb-1012-release-notes/)
Found External Link (https://mariadb.com/kb/en/mdb-10131-rn/)
Found External Link (https://mariadb.com/kb/en/troubleshooting-mariadb-installs-on-redhatcentos/)
Found External Link (https://mariadb.com/kb/en/mariadb-1024-changelog/)
Found External Link (https://mariadb.com/kb/en/mariadb-10113-release-notes/)
Found External Link (https://mariadb.com/kb/en/mariadb-10125-release-notes/)
Found External Link (https://mariadb.com/kb/en/mariadb-5525-release-notes/)
Found External Link (https://mariadb.com/kb/en/mysql_options/)
Found External Link (https://mariadb.com/kb/en/columnstore-getting-started/)
Found External Link (https://mariadb.com/kb/en/adding-dataflex-31c-dat-files-as-an-external-table-type-with-connect/)
Found External Link (https://mariadb.com/kb/en/mariadb-10137-release-notes/)
Found External Link (https://mariadb.com/kb/en/mdb-10031-rn/)
Found External Link (https://mariadb.com/kb/en/performance-of-memory-tables/)
Found External Link (https://mariadb.com/kb/en/upgrading-galera-cluster-upgrading-from-mariadb-galera-cluster-100-to-maria/)
Found External Link (https://mariadb.com/kb/en/mariadb-10116-changelog/)
Found External Link (https://mariadb.com/kb/en/mariadb-10320-changelog/)
Found External Link (https://mariadb.com/kb/en/obsolete-table-commands/)
Found External Link (https://mariadb.com/kb/en/mariadb-5543-changelog/)
Found External Link (https://mariadb.com/kb/en/mariadb-1019-release-notes/)
Found External Link (https://mariadb.com/kb/en/mariadb-maxscale-23-mariadb-monitor/)
Found External Link (https://mariadb.com/kb/en/mariadb-1013-release-notes/)
Found External Link (https://mariadb.com/kb/en/about-mariadb-connector-odbc/)
Found External Link (https://mariadb.com/kb/en/system-variable-differences-between-mariadb-108-and-mysql-80/)
Found External Link (https://mariadb.com/kb/en/about-xtradb/)
Found External Link (https://mariadb.com/kb/en/mariadb-5537-release-notes/)
Found External Link (https://mariadb.com/kb/en/mariadb-10146-changelog/)
Found External Link (https://mariadb.com/kb/en/sqlpro-studio/)
Found External Link (https://mariadb.com/kb/en/mariadb-5545-changelog/)
Found External Link (https://mariadb.com/kb/en/why-is-order-by-in-a-from-subquery-ignored/)
Found External Link (https://mariadb.com/kb/en/enabling-core-dumps/)
Found External Link (https://mariadb.com/kb/en/mariadb-rpm-packages/)
Found External Link (https://mariadb.com/kb/en/mariadb-5550-release-notes/)
Found External Link (https://mariadb.com/kb/en/mariadb-5546-changelog/)
Found External Link (https://mariadb.com/kb/en/mariadb-10140-release-notes/)
Found External Link (https://mariadb.com/kb/en/where-are-other-users-and-developers-of-mariadb/)
Found External Link (https://mariadb.com/kb/en/graphical-and-enhanced-clients-omnidb/)
Found External Link (https://mariadb.com/kb/en/mariadb-10011-changelog/)
Found External Link (https://mariadb.com/kb/en/mariadb-5162-release-notes/)
Found External Link (https://mariadb.com/kb/en/mariadb-galera-55-release-notes/)
Found External Link (https://mariadb.com/kb/en/upgrading-from-mariadb-galera-cluster-55-to-mariadb-galera-cluster-100/)
Found External Link (https://mariadb.com/kb/en/suggested-development/)
Found External Link (https://mariadb.com/kb/en/changelogs-mariadb-107-series/)
Found External Link (https://mariadb.com/kb/en/sqltool-pro-database-editor/)
Found External Link (https://mariadb.com/kb/en/mariadb-10134-release-notes/)
Found External Link (https://mariadb.com/kb/en/mariadb-1063-changelog/)
Found External Link (https://mariadb.com/kb/en/mariadb-5538-release-notes/)
Found External Link (https://mariadb.com/kb/en/mariadb-5541-changelog/)
Found External Link (https://mariadb.com/kb/en/mariadb-galera-cluster-10013-release-notes/)
Found External Link (https://mariadb.com/kb/en/mariadb-10130-changelog/)
Found External Link (https://mariadb.com/kb/en/mariadb-debian-live-images/)
Found External Link (https://mariadb.com/kb/en/system-variable-differences-between-mariadb-55-and-mysql-55/)
Found External Link (https://mariadb.com/kb/en/4461)
Found External Link (https://mariadb.com/kb/en/mariadb-5533a-release-notes/)
Found External Link (https://mariadb.com/kb/en/mariadb-5212-changelog/)
Found External Link (https://mariadb.com/kb/en/mariadb-connector-odbc/)
Found External Link (https://mariadb.com/kb/en/heidisql/)
Found External Link (https://mariadb.com/kb/en/mariadb-1041-changelog/)
Found External Link (https://mariadb.com/kb/en/mariadb-10017-changelog/)
Found External Link (https://mariadb.com/kb/en/mdb-5564-rn/)
Found External Link (https://mariadb.com/kb/en/mariadb-5563-release-notes/)
Found External Link (https://mariadb.com/kb/en/mariadb-galera-cluster-5551-release-notes/)
Found External Link (https://mariadb.com/kb/en/mariadb-server-releases-mariadb-server-1010/)
Found External Link (https://mariadb.com/kb/en/clientserver-protocol/)
Found External Link (https://mariadb.com/kb/en/mariadb-1031-changelog/)
Found External Link (https://mariadb.com/kb/en/mdb-10032-rn/)
Found External Link (https://mariadb.com/kb/en/mariadb-5166-changelog/)
Found External Link (https://mariadb.com/kb/en/transactions-commit-statement/)
Found External Link (https://mariadb.com/kb/en/mariadb-1014-changelog/)
Found External Link (https://mariadb.com/kb/en/mariadb-10421-changelog/)
Found External Link (https://mariadb.com/kb/en/mariadb-10512-changelog/)
Found External Link (https://mariadb.com/kb/en/writing-and-editing-knowledge-base-articles/)
Found External Link (https://mariadb.com/kb/en/mariadb-1009-changelog/)
Found External Link (https://mariadb.com/kb/en/mariadb-530-release-notes/)
Found External Link (https://mariadb.com/kb/en/mariadb-5528-changelog/)
Found External Link (https://mariadb.com/kb/en/mariadb-galera-cluster-5548-release-notes/)
Found External Link (https://mariadb.com/kb/en/mariadb-5153-release-notes/)
Found External Link (https://mariadb.com/kb/en/mariadb-10122-release-notes/)
Found External Link (https://mariadb.com/kb/en/mariadb-galera-cluster-10012-release-notes/)
Found External Link (https://mariadb.com/kb/en/columnstore-architecture/)
Found External Link (https://mariadb.com/kb/en/mariadb-10037-changelog/)
Found External Link (https://mariadb.com/kb/en/development-plans/)
Found External Link (https://mariadb.com/kb/en/mdb-1056-rn/)
Found External Link (https://mariadb.com/kb/en/full-backup-and-restore-with-mariadb-backup/)
Found External Link (https://mariadb.com/kb/en/mariadb-10225-changelog/)
Found External Link (https://mariadb.com/kb/en/mariadb-5551-release-notes/)
Found External Link (https://mariadb.com/kb/en/erbuilder-data-modeler/)
Found External Link (https://mariadb.com/kb/en/load-table-from-master/)
Found External Link (https://mariadb.com/kb/en/writing-plugins-for-mariadb/)
Found External Link (https://mariadb.com/kb/en/mdb-5552-rn/)
Found External Link (https://mariadb.com/kb/en/mariadb-5528a-release-notes/)
Found External Link (https://mariadb.com/kb/en/mariadb-5566-release-notes/)
Found External Link (https://mariadb.com/kb/en/mariadb-10115-release-notes/)
Found External Link (https://mariadb.com/kb/en/mdb-10147-rn/)
Found External Link (https://mariadb.com/kb/en/mariadb-ftp-server/)
Found External Link (https://mariadb.com/kb/en/mariadb-5554-release-notes/)
Found External Link (https://mariadb.com/kb/en/mariadb-1068-changelog/)
Found External Link (https://mariadb.com/kb/en/uploading-package-to-ppa/)
Found External Link (https://mariadb.com/kb/en/mariadb-5527-release-notes/)
Found External Link (https://mariadb.com/kb/en/mdb-10114-rn/)
Found External Link (https://mariadb.com/kb/en/mariadb-5535-changelog/)
Found External Link (https://mariadb.com/kb/en/mysql_insert_id/)
Found External Link (https://mariadb.com/kb/en/mdb-5566-rn/)
Found External Link (https://mariadb.com/kb/en/mariadb-1007-changelog/)
Found External Link (https://mariadb.com/kb/en/dbt3-benchmark-queries/)
Found External Link (https://mariadb.com/kb/en/mariadb-1026-changelog/)
Found External Link (https://mariadb.com/kb/en/mdb-10112-rn/)
Found External Link (https://mariadb.com/kb/en/mariadb-5150-release-notes/)
Found External Link (https://mariadb.com/kb/en/mdb-10024-rn/)
Found External Link (https://mariadb.com/kb/en/mariadb-10010-changelog/)
Found External Link (https://mariadb.com/kb/en/optimizer-trace-resources/)
Found External Link (https://mariadb.com/kb/en/mariadb-10222-changelog/)
Found External Link (https://mariadb.com/kb/en/mariadb-10030-changelog/)
Found External Link (https://mariadb.com/kb/en/mariadb-10235-changelog/)
Found External Link (https://mariadb.com/kb/en/mdb-10110-rn/)
Found External Link (https://mariadb.com/kb/en/mariadb-5536-changelog/)
Found External Link (https://mariadb.com/kb/en/mariadb-529-changelog/)
Found External Link (https://mariadb.com/kb/en/mariadb-10327-changelog/)
Found External Link (https://mariadb.com/kb/en/changelogs-mariadb-100-series/)
Found External Link (https://mariadb.com/kb/en/columnstore-release-notes/)
Found External Link (https://mariadb.com/kb/en/segmented-key-cache-performance/)
Found External Link (https://mariadb.com/kb/en/mariadb-5528-release-notes/)
Found External Link (https://mariadb.com/kb/en/how-to-define-a-date-in-order-to-import-an-empty-date-from-a-csv-file/)
Found External Link (https://mariadb.com/kb/en/mariadb-10237-changelog/)
Found External Link (https://mariadb.com/kb/en/mariadb-10324-changelog/)
Found External Link (https://mariadb.com/kb/en/mdb-10117-rn/)
Found External Link (https://mariadb.com/kb/en/download-latest-releases/)
Found External Link (https://mariadb.com/kb/en/mariadb-10415-changelog/)
Found External Link (https://mariadb.com/kb/en/mariadb-528-changelog/)
Found External Link (https://mariadb.com/kb/en/mariadb-columnstore-columnstore/)
Found External Link (https://mariadb.com/kb/en/mariadb-1011-changelog/)
Found External Link (https://mariadb.com/kb/en/buildbot-setup-for-solaris-x86/)
Found External Link (https://mariadb.com/kb/en/mariadb-galera-cluster-5562-release-notes/)
Found External Link (https://mariadb.com/kb/en/mariadb-10031-release-notes/)
Found External Link (https://mariadb.com/kb/en/mariadb-maxscale-23-mariadb-maxscale-installation-guide/)
Found External Link (https://mariadb.com/kb/en/mariadb-5521-release-notes/)
Found External Link (https://mariadb.com/kb/en/mdb-10126-rn/)
Found External Link (https://mariadb.com/kb/en/mariadb-5565-changelog/)
Found External Link (https://mariadb.com/kb/en/mariadb-10027-changelog/)
Found External Link (https://mariadb.com/kb/en/library/changes-improvements-in-mariadb-101/)
Found External Link (https://mariadb.com/kb/en/mariadb-5533-changelog/)
Found External Link (https://mariadb.com/kb/en/mariadb-528-release-notes/)
Found External Link (https://mariadb.com/kb/en/mariadb-5141-release-notes/)
Found External Link (https://mariadb.com/kb/en/mariadb-10027-release-notes/)
Found External Link (https://mariadb.com/kb/en/mariadb-columnstore-cant-create-a-table-starting-with-a-capital-letter-all-/)
Found External Link (https://mariadb.com/kb/en/mariadb-523-changelog/)
Found External Link (https://mariadb.com/kb/en/mdb-5567-rn/)
Found External Link (https://mariadb.com/kb/en/mariadb-10314-changelog/)
Found External Link (https://mariadb.com/kb/en/cassandra-storage-engine/)
(2739,2744) Duplicate Include 1 for: "release-notes-mariadb-109-series"
